0	1	mikrocAVR.exe -MSF -DBG -pATMEGA328 -DL -SSA -O11111114 -fo8 -N"E:\Projet 2019\carte fini\INVERSEUR AUTOMATIQUE\pro\inverseur_auto.mcpav" -SP"C:\Users\Public\Documents\Mikroelektronika\mikroC PRO for AVR\Defs\" -SP"C:\Users\Public\Documents\Mikroelektronika\mikroC PRO for AVR\Uses\lte64kw\" -SP"E:\Projet 2019\carte fini\INVERSEUR AUTOMATIQUE\pro\" -SP"C:\Users\Public\Documents\Mikroelektronika\mikroC PRO for AVR\Packages\BI HALL Click\Uses\" -SP"C:\Users\Public\Documents\Mikroelektronika\mikroC PRO for AVR\Packages\FAT32 Library\Uses\" -SP"C:\Users\Public\Documents\Mikroelektronika\mikroC PRO for AVR\Packages\FT800\Uses\" -SP"C:\Users\Public\Documents\Mikroelektronika\mikroC PRO for AVR\Packages\FT810\Uses\" -SP"C:\Users\Public\Documents\Mikroelektronika\mikroC PRO for AVR\Packages\FT812\Uses\" -IP"C:\Users\Public\Documents\Mikroelektronika\mikroC PRO for AVR\Uses\lte64kw\" -IP"E:\Projet 2019\carte fini\INVERSEUR AUTOMATIQUE\pro\" -IP"C:\Users\Public\Documents\Mikroelektronika\mikroC PRO for AVR\Packages\BI HALL Click\Uses\" -IP"C:\Users\Public\Documents\Mikroelektronika\mikroC PRO for AVR\Packages\FAT32 Library\Uses\" -IP"C:\Users\Public\Documents\Mikroelektronika\mikroC PRO for AVR\Packages\FT800\Uses\" -IP"C:\Users\Public\Documents\Mikroelektronika\mikroC PRO for AVR\Packages\FT810\Uses\" -IP"C:\Users\Public\Documents\Mikroelektronika\mikroC PRO for AVR\Packages\FT812\Uses\" "inverseur_auto.c" "__Lib_Math.mcl" "__Lib_MathDouble.mcl" "__Lib_System_nocall.mcl" "__Lib_Delays.mcl" "__Lib_CType.mcl" "__Lib_CString.mcl" "__Lib_CStdlib.mcl" "__Lib_CMath.mcl" "__Lib_MemManager.mcl" "__Lib_Conversions.mcl" "__Lib_Sprintf.mcl" "__Lib_Sprinti.mcl" "__Lib_Sprintl.mcl" "__Lib_PrintOut.mcl" "__Lib_Time.mcl" "__Lib_Trigonometry.mcl" "__Lib_Button.mcl" "__Lib_Keypad4x4.mcl" "__Lib_Manchester.mcl" "__Lib_OneWire.mcl" "__Lib_PS2.mcl" "__Lib_Sound.mcl" "__Lib_SoftI2C.mcl" "__Lib_SoftSPI.mcl" "__Lib_SoftUART.mcl" "__Lib_ADC_eio_ref2.mcl" "__Lib_EEPROM_eep.mcl" "__Lib_FLASH_rwe.mcl" "__Lib_PWM_AB.mcl" "__Lib_PWM1_2A.mcl" "__Lib_PWM16bit_12_eio.mcl" "__Lib_SPI_b5432_x2.mcl" "__Lib_TWI_eio.mcl" "__Lib_UART_d01_eio.mcl" "__Lib_PortExpander.mcl" "__Lib_CANSPI.mcl" "__Lib_CF.mcl" "__Lib_CFFat16.mcl" "__Lib_GlcdFonts.mcl" "__Lib_Glcd.mcl" "__Lib_LcdConsts.mcl" "__Lib_Lcd.mcl" "__Lib_Mmc.mcl" "__Lib_MmcFat16.mcl" "__Lib_MmcFat16Constants.mcl" "__Lib_RS485.mcl" "__Lib_S1D13700.mcl" "__Lib_T6963C.mcl" "__Lib_SPIGlcd.mcl" "__Lib_SPILcd.mcl" "__Lib_SPILcd8.mcl" "__Lib_SPIT6963C.mcl" "__Lib_TFT.mcl" "__Lib_TFT_Defs.mcl" "__Lib_TFT_16bit.mcl" "__Lib_TFT_16bit_Defs.mcl" "__Lib_TouchPanel_TFT_C.mcl" "__Lib_TouchPanel.mcl" "__Lib_EthEnc28j60.mcl" "__Lib_STMPE610.mcl" "__Lib_EthEnc24j600.mcl" "__Lib_FAT32_Defs_lte.mcl" "__Lib_FAT32_Driver_lte.mcl" "__Lib_FAT32_lte.mcl" "__Lib_FT800_Defs_LTE.mcl" "__Lib_FT800_LTE.mcl" "__Lib_FT810_Defs_LTE.mcl" "__Lib_FT810_LTE.mcl" "__Lib_FT812_Defs_LTE.mcl" "__Lib_FT812_LTE.mcl"	 
warning: 0	1501	Specified search path does not exist: 'C:\Users\Public\Documents\Mikroelektronika\mikroC PRO for AVR\Packages\BI HALL Click\Uses'	 
warning: 0	1502	Specified include path does not exist: 'C:\Users\Public\Documents\Mikroelektronika\mikroC PRO for AVR\Packages\BI HALL Click\Uses'	 
diagnostics: 0	122	Compilation Started	inverseur_auto.c
hint: 0	1004	interrupt handler (timer_0 at 0x0020)	inverseur_auto.c
hint: 0	1004	interrupt handler (interrupt_ at 0x0008)	inverseur_auto.c
hint: 0	1004	interrupt handler (Timer2_ at 0x0012)	inverseur_auto.c
hint: 324	1163	Variable 'txt' has been declared, but not used	inverseur_auto.c
warning: 609	1503	Result is not defined in function: ''	inverseur_auto.c
diagnostics: 957	123	Compiled Successfully	inverseur_auto.c
hint: 548	1164	Variable 'x' has been eliminated by optimizer	inverseur_auto.c
hint: 561	1164	Variable 'x' has been eliminated by optimizer	inverseur_auto.c
hint: 607	1164	Variable 'x' has been eliminated by optimizer	inverseur_auto.c
hint: 899	1164	Variable 'd' has been eliminated by optimizer	inverseur_auto.c
diagnostics: 0	127	All files Compiled in 250 ms	 
hint: 0	1144	Used RX (bytes): 20 (62%)   Free RX (bytes): 12 (38%)	Used RX (bytes): 20 (62%)   Free RX (bytes): 12 (38%)
hint: 0	1144	Static RAM (bytes): 472   Dynamic RAM (bytes): 1576	Static RAM (bytes): 472   Dynamic RAM (bytes): 1576
hint: 0	1144	Used ROM (bytes): 11772 (36%)  Free ROM (bytes): 20996 (64%)	Used ROM (bytes): 11772 (36%)  Free ROM (bytes): 20996 (64%)
diagnostics: 0	125	Project Linked Successfully	inverseur_auto.mcpav
diagnostics: 0	128	Linked in 1078 ms	 
diagnostics: 0	129	Project 'inverseur_auto.mcpav' completed: 1500 ms	 
diagnostics: 0	103	Finished successfully: 19 sept. 2019, 15:00:15	inverseur_auto.mcpav
